Started GET "/welcome" for 127.0.0.1 at 2018-01-10 15:48:56 -0500
  
SyntaxError (/home/pc/Desktop/bitmaker/projects/test jan 10 ex2 final/02 - Intro to Routing and Controllers in Rails ex2/routing-controllers-intro/app/controllers/pages_controller.rb:5: syntax error, unexpected end-of-input, expecting keyword_end):
  
app/controllers/pages_controller.rb:5: syntax error, unexpected end-of-input, expecting keyword_end
  Rendering /home/pc/.rbenv/versions/2.4.2/lib/ruby/gems/2.4.0/gems/actionpack-5.0.4/lib/action_dispatch/middleware/templates/rescues/diagnostics.html.erb within rescues/layout
  Rendering /home/pc/.rbenv/versions/2.4.2/lib/ruby/gems/2.4.0/gems/actionpack-5.0.4/lib/action_dispatch/middleware/templates/rescues/_source.html.erb
  Rendered /home/pc/.rbenv/versions/2.4.2/lib/ruby/gems/2.4.0/gems/actionpack-5.0.4/lib/action_dispatch/middleware/templates/rescues/_source.html.erb (4.5ms)
  Rendering /home/pc/.rbenv/versions/2.4.2/lib/ruby/gems/2.4.0/gems/actionpack-5.0.4/lib/action_dispatch/middleware/templates/rescues/_trace.html.erb
  Rendered /home/pc/.rbenv/versions/2.4.2/lib/ruby/gems/2.4.0/gems/actionpack-5.0.4/lib/action_dispatch/middleware/templates/rescues/_trace.html.erb (2.5ms)
  Rendering /home/pc/.rbenv/versions/2.4.2/lib/ruby/gems/2.4.0/gems/actionpack-5.0.4/lib/action_dispatch/middleware/templates/rescues/_request_and_response.html.erb
  Rendered /home/pc/.rbenv/versions/2.4.2/lib/ruby/gems/2.4.0/gems/actionpack-5.0.4/lib/action_dispatch/middleware/templates/rescues/_request_and_response.html.erb (9.0ms)
  Rendered /home/pc/.rbenv/versions/2.4.2/lib/ruby/gems/2.4.0/gems/actionpack-5.0.4/lib/action_dispatch/middleware/templates/rescues/diagnostics.html.erb within rescues/layout (37.5ms)
DEPRECATION WARNING: Accessing mime types via constants is deprecated. Please change `Mime::HTML` to `Mime[:html]`. (called from acceptable_content_type? at /home/pc/.rbenv/versions/2.4.2/lib/ruby/gems/2.4.0/gems/web-console-2.3.0/lib/web_console/middleware.rb:58)
  Rendering /home/pc/.rbenv/versions/2.4.2/lib/ruby/gems/2.4.0/gems/web-console-2.3.0/lib/web_console/templates/index.html.erb
  Rendered /home/pc/.rbenv/versions/2.4.2/lib/ruby/gems/2.4.0/gems/web-console-2.3.0/lib/web_console/templates/_markup.html.erb (0.3ms)
  Rendering /home/pc/.rbenv/versions/2.4.2/lib/ruby/gems/2.4.0/gems/web-console-2.3.0/lib/web_console/templates/console.js.erb within layouts/javascript
  Rendering /home/pc/.rbenv/versions/2.4.2/lib/ruby/gems/2.4.0/gems/web-console-2.3.0/lib/web_console/templates/_inner_console_markup.html.erb within layouts/inlined_string
  Rendered /home/pc/.rbenv/versions/2.4.2/lib/ruby/gems/2.4.0/gems/web-console-2.3.0/lib/web_console/templates/_inner_console_markup.html.erb within layouts/inlined_string (0.7ms)
  Rendering /home/pc/.rbenv/versions/2.4.2/lib/ruby/gems/2.4.0/gems/web-console-2.3.0/lib/web_console/templates/_prompt_box_markup.html.erb within layouts/inlined_string
  Rendered /home/pc/.rbenv/versions/2.4.2/lib/ruby/gems/2.4.0/gems/web-console-2.3.0/lib/web_console/templates/_prompt_box_markup.html.erb within layouts/inlined_string (0.3ms)
  Rendering /home/pc/.rbenv/versions/2.4.2/lib/ruby/gems/2.4.0/gems/web-console-2.3.0/lib/web_console/templates/style.css.erb within layouts/inlined_string
  Rendered /home/pc/.rbenv/versions/2.4.2/lib/ruby/gems/2.4.0/gems/web-console-2.3.0/lib/web_console/templates/style.css.erb within layouts/inlined_string (0.3ms)
DEPRECATION WARNING: Accessing mime types via constants is deprecated. Please change `Mime::WEB_CONSOLE_V2` to `Mime[:web_console_v2]`. (called from __home_pc__rbenv_versions_______lib_ruby_gems_______gems_web_console_______lib_web_console_templates_console_js_erb___4573033157457369195_47096450396680 at /home/pc/.rbenv/versions/2.4.2/lib/ruby/gems/2.4.0/gems/web-console-2.3.0/lib/web_console/templates/console.js.erb:491)
  Rendered /home/pc/.rbenv/versions/2.4.2/lib/ruby/gems/2.4.0/gems/web-console-2.3.0/lib/web_console/templates/console.js.erb within layouts/javascript (25.2ms)
  Rendering /home/pc/.rbenv/versions/2.4.2/lib/ruby/gems/2.4.0/gems/web-console-2.3.0/lib/web_console/templates/main.js.erb within layouts/javascript
  Rendered /home/pc/.rbenv/versions/2.4.2/lib/ruby/gems/2.4.0/gems/web-console-2.3.0/lib/web_console/templates/main.js.erb within layouts/javascript (0.3ms)
  Rendering /home/pc/.rbenv/versions/2.4.2/lib/ruby/gems/2.4.0/gems/web-console-2.3.0/lib/web_console/templates/error_page.js.erb within layouts/javascript
  Rendered /home/pc/.rbenv/versions/2.4.2/lib/ruby/gems/2.4.0/gems/web-console-2.3.0/lib/web_console/templates/error_page.js.erb within layouts/javascript (0.3ms)
  Rendered /home/pc/.rbenv/versions/2.4.2/lib/ruby/gems/2.4.0/gems/web-console-2.3.0/lib/web_console/templates/index.html.erb (44.5ms)
Started GET "/welcome" for 127.0.0.1 at 2018-01-10 15:49:33 -0500
Processing by PagesController#welcome as HTML
  Rendering pages/about.html.erb within layouts/application
  Rendered pages/about.html.erb within layouts/application (0.3ms)
Completed 200 OK in 292ms (Views: 291.6ms | ActiveRecord: 0.0ms)


Started GET "/" for 127.0.0.1 at 2018-01-10 16:33:39 -0500
Processing by PagesController#welcome as HTML
  Rendering pages/about.html.erb within layouts/application
  Rendered pages/about.html.erb within layouts/application (0.5ms)
Completed 200 OK in 22ms (Views: 21.9ms | ActiveRecord: 0.0ms)


